<?xml version="1.0" encoding="UTF-8"?>
<testsuite xmlns:xsi="http://www.w3.org/2001/XMLSchema-instance" xsi:noNamespaceSchemaLocation="https://maven.apache.org/surefire/maven-surefire-plugin/xsd/surefire-test-report-3.0.xsd" version="3.0" name="TestRunner.OrangeTestrunner" time="68.268" tests="3" errors="0" skipped="0" failures="2">
  <properties>
[...]
</properties>
  <testcase name="runScenario[&quot;Sceanrio to check login functionality with valid credential&quot;, &quot;OrangeHRM login functionality&quot;](1)" classname="TestRunner.OrangeTestrunner" time="21.908">
    <system-out><![CDATA[
@Overall @Regression
Scenario: Sceanrio to check login functionality with valid credential # src/test/resources/Feature/OrangeLoginDataDriven.feature:5
[INFO ] 2024-04-18 22:52:26.211 [main] LoginStepD - startup executed
Browser already opened from hook
[INFO ] 2024-04-18 22:52:26.316 [main] LoginStepD - Browser opened
chrome
  Given User Open the chrome browser                                  # StepDefination.LoginStepD.user_open_the_chrome_browser()
[INFO ] 2024-04-18 22:52:35.103 [main] LoginStepD - open the URL
  When Users Open the URL                                             # StepDefination.LoginStepD.users_open_the_url()
[INFO ] 2024-04-18 22:52:38.454 [main] LoginStepD - Enter username and password
  When Users enter username as "Admin" and password as "admin123"     # StepDefination.LoginStepD.users_enter_username_as_and_password_as(java.lang.String,java.lang.String)
[INFO ] 2024-04-18 22:52:42.787 [main] LoginStepD - click on login button
  And Clicks on the Login_button                                      # StepDefination.LoginStepD.clicks_on_the_login_button()
[WARN ] 2024-04-18 22:52:45.168 [main] LoginStepD - navigate to home page and validate the title
  Then user is Navigate on the Home Page                              # StepDefination.LoginStepD.user_is_navigate_on_the_home_page()
browser will terminate from hook
[INFO ] 2024-04-18 22:52:45.311 [main] LoginStepD - close the browser
  And Close the browser                                               # StepDefination.LoginStepD.close_the_browser()
]]></system-out>
    <system-err><![CDATA[Apr 18, 2024 10:52:26 PM org.openqa.selenium.devtools.CdpVersionFinder findNearestMatch
WARNING: Unable to find an exact match for CDP version 123, returning the closest version; found: 120; Please update to a Selenium version that supports CDP version 123
]]></system-err>
  </testcase>
  <testcase name="runScenario[&quot;Sceanrio to check login functionality with valid credential&quot;, &quot;OrangeHRM login functionality&quot;](2)" classname="TestRunner.OrangeTestrunner" time="21.994">
    <failure message="no such element: Unable to locate element: {&quot;method&quot;:&quot;xpath&quot;,&quot;selector&quot;:&quot;//*[contains(@href,&apos;/web/index.php/admin/viewAdminModule&apos;)]&quot;}&#10;  (Session info: chrome=123.0.6312.124)&#10;For documentation on this error, please visit: https://www.selenium.dev/documentation/webdriver/troubleshooting/errors#no-such-element-exception&#10;Build info: version: &apos;4.16.1&apos;, revision: &apos;9b4c83354e&apos;&#10;System info: os.name: &apos;Windows 11&apos;, os.arch: &apos;amd64&apos;, os.version: &apos;10.0&apos;, java.version: &apos;17.0.9&apos;&#10;Driver info: org.openqa.selenium.chrome.ChromeDriver&#10;Command: [273cc58d5fa1c0a5557ff1cb34073408, findElement {using=xpath, value=//*[contains(@href,&apos;/web/index.php/admin/viewAdminModule&apos;)]}]&#10;Capabilities {acceptInsecureCerts: false, browserName: chrome, browserVersion: 123.0.6312.124, chrome: {chromedriverVersion: 123.0.6312.122 (31f8248cdd9..., userDataDir: C:\Windows\SystemTemp\scope...}, fedcm:accounts: true, goog:chromeOptions: {debuggerAddress: localhost:59139}, networkConnectionEnabled: false, pageLoadStrategy: normal, platformName: windows, proxy: Proxy(), se:cdp: ws://localhost:59139/devtoo..., se:cdpVersion: 123.0.6312.124, setWindowRect: true, strictFileInteractability: false, timeouts: {implicit: 0, pageLoad: 300000, script: 30000}, unhandledPromptBehavior: dismiss and notify, webauthn:extension:credBlob: true, webauthn:extension:largeBlob: true, webauthn:extension:minPinLength: true, webauthn:extension:prf: true, webauthn:virtualAuthenticators: true}&#10;Session ID: 273cc58d5fa1c0a5557ff1cb34073408" type="org.openqa.selenium.NoSuchElementException"><![CDATA[org.openqa.selenium.NoSuchElementException: 
no such element: Unable to locate element: {"method":"xpath","selector":"//*[contains(@href,'/web/index.php/admin/viewAdminModule')]"}
  (Session info: chrome=123.0.6312.124)
For documentation on this error, please visit: https://www.selenium.dev/documentation/webdriver/troubleshooting/errors#no-such-element-exception
Build info: version: '4.16.1', revision: '9b4c83354e'
System info: os.name: 'Windows 11', os.arch: 'amd64', os.version: '10.0', java.version: '17.0.9'
Driver info: org.openqa.selenium.chrome.ChromeDriver
Command: [273cc58d5fa1c0a5557ff1cb34073408, findElement {using=xpath, value=//*[contains(@href,'/web/index.php/admin/viewAdminModule')]}]
Capabilities {acceptInsecureCerts: false, browserName: chrome, browserVersion: 123.0.6312.124, chrome: {chromedriverVersion: 123.0.6312.122 (31f8248cdd9..., userDataDir: C:\Windows\SystemTemp\scope...}, fedcm:accounts: true, goog:chromeOptions: {debuggerAddress: localhost:59139}, networkConnectionEnabled: false, pageLoadStrategy: normal, platformName: windows, proxy: Proxy(), se:cdp: ws://localhost:59139/devtoo..., se:cdpVersion: 123.0.6312.124, setWindowRect: true, strictFileInteractability: false, timeouts: {implicit: 0, pageLoad: 300000, script: 30000}, unhandledPromptBehavior: dismiss and notify, webauthn:extension:credBlob: true, webauthn:extension:largeBlob: true, webauthn:extension:minPinLength: true, webauthn:extension:prf: true, webauthn:virtualAuthenticators: true}
Session ID: 273cc58d5fa1c0a5557ff1cb34073408
	at java.base/jdk.internal.reflect.NativeConstructorAccessorImpl.newInstance0(Native Method)
	at java.base/jdk.internal.reflect.NativeConstructorAccessorImpl.newInstance(NativeConstructorAccessorImpl.java:77)
	at java.base/jdk.internal.reflect.DelegatingConstructorAccessorImpl.newInstance(DelegatingConstructorAccessorImpl.java:45)
	at java.base/java.lang.reflect.Constructor.newInstanceWithCaller(Constructor.java:499)
	at java.base/java.lang.reflect.Constructor.newInstance(Constructor.java:480)
	at org.openqa.selenium.remote.codec.w3c.W3CHttpResponseCodec.createException(W3CHttpResponseCodec.java:200)
	at org.openqa.selenium.remote.codec.w3c.W3CHttpResponseCodec.decode(W3CHttpResponseCodec.java:133)
	at org.openqa.selenium.remote.codec.w3c.W3CHttpResponseCodec.decode(W3CHttpResponseCodec.java:52)
	at org.openqa.selenium.remote.HttpCommandExecutor.execute(HttpCommandExecutor.java:191)
	at org.openqa.selenium.remote.service.DriverCommandExecutor.invokeExecute(DriverCommandExecutor.java:200)
	at org.openqa.selenium.remote.service.DriverCommandExecutor.execute(DriverCommandExecutor.java:175)
	at org.openqa.selenium.remote.RemoteWebDriver.execute(RemoteWebDriver.java:523)
	at org.openqa.selenium.remote.ElementLocation$ElementFinder$2.findElement(ElementLocation.java:165)
	at org.openqa.selenium.remote.ElementLocation.findElement(ElementLocation.java:59)
	at org.openqa.selenium.remote.RemoteWebDriver.findElement(RemoteWebDriver.java:360)
	at org.openqa.selenium.remote.RemoteWebDriver.findElement(RemoteWebDriver.java:354)
	at org.openqa.selenium.support.pagefactory.DefaultElementLocator.findElement(DefaultElementLocator.java:68)
	at org.openqa.selenium.support.pagefactory.internal.LocatingElementHandler.invoke(LocatingElementHandler.java:38)
	at jdk.proxy2/jdk.proxy2.$Proxy39.click(Unknown Source)
	at PageObject.OrangeLoginPage.ClickAdminTab(OrangeLoginPage.java:48)
	at StepDefination.LoginStepD.user_is_navigate_on_the_home_page(LoginStepD.java:90)
	at ✽.user is Navigate on the Home Page(file:///C:/Users/Dinesh%20Saivolla/eclipse-workspace_Selenium/CodeStudio/src/test/resources/Feature/OrangeLoginDataDriven.feature:19)
]]></failure>
    <system-out><![CDATA[
@Overall @Smoke
Scenario Outline: Sceanrio to check login functionality with valid credential # src/test/resources/Feature/OrangeLoginDataDriven.feature:24
[INFO ] 2024-04-18 22:52:47.028 [main] LoginStepD - startup executed
Browser already opened from hook
[INFO ] 2024-04-18 22:52:47.133 [main] LoginStepD - Browser opened
chrome
  Given User Open the chrome browser                                          # StepDefination.LoginStepD.user_open_the_chrome_browser()
[INFO ] 2024-04-18 22:52:54.619 [main] LoginStepD - open the URL
  When Users Open the URL                                                     # StepDefination.LoginStepD.users_open_the_url()
[INFO ] 2024-04-18 22:52:57.893 [main] LoginStepD - Enter username and password
  When Users enter username as "Ad" and password as "thhs"                    # StepDefination.LoginStepD.users_enter_username_as_and_password_as(java.lang.String,java.lang.String)
[INFO ] 2024-04-18 22:53:02.073 [main] LoginStepD - click on login button
  And Clicks on the Login_button                                              # StepDefination.LoginStepD.clicks_on_the_login_button()
  Then user is Navigate on the Home Page                                      # StepDefination.LoginStepD.user_is_navigate_on_the_home_page()
      org.openqa.selenium.NoSuchElementException: no such element: Unable to locate element: {"method":"xpath","selector":"//*[contains(@href,'/web/index.php/admin/viewAdminModule')]"}
  (Session info: chrome=123.0.6312.124)
For documentation on this error, please visit: https://www.selenium.dev/documentation/webdriver/troubleshooting/errors#no-such-element-exception
Build info: version: '4.16.1', revision: '9b4c83354e'
System info: os.name: 'Windows 11', os.arch: 'amd64', os.version: '10.0', java.version: '17.0.9'
Driver info: org.openqa.selenium.chrome.ChromeDriver
Command: [273cc58d5fa1c0a5557ff1cb34073408, findElement {using=xpath, value=//*[contains(@href,'/web/index.php/admin/viewAdminModule')]}]
Capabilities {acceptInsecureCerts: false, browserName: chrome, browserVersion: 123.0.6312.124, chrome: {chromedriverVersion: 123.0.6312.122 (31f8248cdd9..., userDataDir: C:\Windows\SystemTemp\scope...}, fedcm:accounts: true, goog:chromeOptions: {debuggerAddress: localhost:59139}, networkConnectionEnabled: false, pageLoadStrategy: normal, platformName: windows, proxy: Proxy(), se:cdp: ws://localhost:59139/devtoo..., se:cdpVersion: 123.0.6312.124, setWindowRect: true, strictFileInteractability: false, timeouts: {implicit: 0, pageLoad: 300000, script: 30000}, unhandledPromptBehavior: dismiss and notify, webauthn:extension:credBlob: true, webauthn:extension:largeBlob: true, webauthn:extension:minPinLength: true, webauthn:extension:prf: true, webauthn:virtualAuthenticators: true}
Session ID: 273cc58d5fa1c0a5557ff1cb34073408
	at java.base/jdk.internal.reflect.NativeConstructorAccessorImpl.newInstance0(Native Method)
	at java.base/jdk.internal.reflect.NativeConstructorAccessorImpl.newInstance(NativeConstructorAccessorImpl.java:77)
	at java.base/jdk.internal.reflect.DelegatingConstructorAccessorImpl.newInstance(DelegatingConstructorAccessorImpl.java:45)
	at java.base/java.lang.reflect.Constructor.newInstanceWithCaller(Constructor.java:499)
	at java.base/java.lang.reflect.Constructor.newInstance(Constructor.java:480)
	at org.openqa.selenium.remote.codec.w3c.W3CHttpResponseCodec.createException(W3CHttpResponseCodec.java:200)
	at org.openqa.selenium.remote.codec.w3c.W3CHttpResponseCodec.decode(W3CHttpResponseCodec.java:133)
	at org.openqa.selenium.remote.codec.w3c.W3CHttpResponseCodec.decode(W3CHttpResponseCodec.java:52)
	at org.openqa.selenium.remote.HttpCommandExecutor.execute(HttpCommandExecutor.java:191)
	at org.openqa.selenium.remote.service.DriverCommandExecutor.invokeExecute(DriverCommandExecutor.java:200)
	at org.openqa.selenium.remote.service.DriverCommandExecutor.execute(DriverCommandExecutor.java:175)
	at org.openqa.selenium.remote.RemoteWebDriver.execute(RemoteWebDriver.java:523)
	at org.openqa.selenium.remote.ElementLocation$ElementFinder$2.findElement(ElementLocation.java:165)
	at org.openqa.selenium.remote.ElementLocation.findElement(ElementLocation.java:59)
	at org.openqa.selenium.remote.RemoteWebDriver.findElement(RemoteWebDriver.java:360)
	at org.openqa.selenium.remote.RemoteWebDriver.findElement(RemoteWebDriver.java:354)
	at org.openqa.selenium.support.pagefactory.DefaultElementLocator.findElement(DefaultElementLocator.java:68)
	at org.openqa.selenium.support.pagefactory.internal.LocatingElementHandler.invoke(LocatingElementHandler.java:38)
	at jdk.proxy2/jdk.proxy2.$Proxy39.click(Unknown Source)
	at PageObject.OrangeLoginPage.ClickAdminTab(OrangeLoginPage.java:48)
	at StepDefination.LoginStepD.user_is_navigate_on_the_home_page(LoginStepD.java:90)
	at âœ½.user is Navigate on the Home Page(file:///C:/Users/Dinesh%20Saivolla/eclipse-workspace_Selenium/CodeStudio/src/test/resources/Feature/OrangeLoginDataDriven.feature:19)

  And Close the browser                                                       # StepDefination.LoginStepD.close_the_browser()
]]></system-out>
    <system-err><![CDATA[Apr 18, 2024 10:52:46 PM org.openqa.selenium.devtools.CdpVersionFinder findNearestMatch
WARNING: Unable to find an exact match for CDP version 123, returning the closest version; found: 120; Please update to a Selenium version that supports CDP version 123
]]></system-err>
  </testcase>
  <testcase name="runScenario[&quot;Sceanrio to check login functionality with valid credential&quot;, &quot;OrangeHRM login functionality&quot;](3)" classname="TestRunner.OrangeTestrunner" time="21.877">
    <failure message="no such element: Unable to locate element: {&quot;method&quot;:&quot;xpath&quot;,&quot;selector&quot;:&quot;//*[contains(@href,&apos;/web/index.php/admin/viewAdminModule&apos;)]&quot;}&#10;  (Session info: chrome=123.0.6312.124)&#10;For documentation on this error, please visit: https://www.selenium.dev/documentation/webdriver/troubleshooting/errors#no-such-element-exception&#10;Build info: version: &apos;4.16.1&apos;, revision: &apos;9b4c83354e&apos;&#10;System info: os.name: &apos;Windows 11&apos;, os.arch: &apos;amd64&apos;, os.version: &apos;10.0&apos;, java.version: &apos;17.0.9&apos;&#10;Driver info: org.openqa.selenium.chrome.ChromeDriver&#10;Command: [6fb43c0196f66e78c8f4c294c56bcb00, findElement {using=xpath, value=//*[contains(@href,&apos;/web/index.php/admin/viewAdminModule&apos;)]}]&#10;Capabilities {acceptInsecureCerts: false, browserName: chrome, browserVersion: 123.0.6312.124, chrome: {chromedriverVersion: 123.0.6312.122 (31f8248cdd9..., userDataDir: C:\Windows\SystemTemp\scope...}, fedcm:accounts: true, goog:chromeOptions: {debuggerAddress: localhost:59172}, networkConnectionEnabled: false, pageLoadStrategy: normal, platformName: windows, proxy: Proxy(), se:cdp: ws://localhost:59172/devtoo..., se:cdpVersion: 123.0.6312.124, setWindowRect: true, strictFileInteractability: false, timeouts: {implicit: 0, pageLoad: 300000, script: 30000}, unhandledPromptBehavior: dismiss and notify, webauthn:extension:credBlob: true, webauthn:extension:largeBlob: true, webauthn:extension:minPinLength: true, webauthn:extension:prf: true, webauthn:virtualAuthenticators: true}&#10;Session ID: 6fb43c0196f66e78c8f4c294c56bcb00" type="org.openqa.selenium.NoSuchElementException"><![CDATA[org.openqa.selenium.NoSuchElementException: 
no such element: Unable to locate element: {"method":"xpath","selector":"//*[contains(@href,'/web/index.php/admin/viewAdminModule')]"}
  (Session info: chrome=123.0.6312.124)
For documentation on this error, please visit: https://www.selenium.dev/documentation/webdriver/troubleshooting/errors#no-such-element-exception
Build info: version: '4.16.1', revision: '9b4c83354e'
System info: os.name: 'Windows 11', os.arch: 'amd64', os.version: '10.0', java.version: '17.0.9'
Driver info: org.openqa.selenium.chrome.ChromeDriver
Command: [6fb43c0196f66e78c8f4c294c56bcb00, findElement {using=xpath, value=//*[contains(@href,'/web/index.php/admin/viewAdminModule')]}]
Capabilities {acceptInsecureCerts: false, browserName: chrome, browserVersion: 123.0.6312.124, chrome: {chromedriverVersion: 123.0.6312.122 (31f8248cdd9..., userDataDir: C:\Windows\SystemTemp\scope...}, fedcm:accounts: true, goog:chromeOptions: {debuggerAddress: localhost:59172}, networkConnectionEnabled: false, pageLoadStrategy: normal, platformName: windows, proxy: Proxy(), se:cdp: ws://localhost:59172/devtoo..., se:cdpVersion: 123.0.6312.124, setWindowRect: true, strictFileInteractability: false, timeouts: {implicit: 0, pageLoad: 300000, script: 30000}, unhandledPromptBehavior: dismiss and notify, webauthn:extension:credBlob: true, webauthn:extension:largeBlob: true, webauthn:extension:minPinLength: true, webauthn:extension:prf: true, webauthn:virtualAuthenticators: true}
Session ID: 6fb43c0196f66e78c8f4c294c56bcb00
	at java.base/jdk.internal.reflect.NativeConstructorAccessorImpl.newInstance0(Native Method)
	at java.base/jdk.internal.reflect.NativeConstructorAccessorImpl.newInstance(NativeConstructorAccessorImpl.java:77)
	at java.base/jdk.internal.reflect.DelegatingConstructorAccessorImpl.newInstance(DelegatingConstructorAccessorImpl.java:45)
	at java.base/java.lang.reflect.Constructor.newInstanceWithCaller(Constructor.java:499)
	at java.base/java.lang.reflect.Constructor.newInstance(Constructor.java:480)
	at org.openqa.selenium.remote.codec.w3c.W3CHttpResponseCodec.createException(W3CHttpResponseCodec.java:200)
	at org.openqa.selenium.remote.codec.w3c.W3CHttpResponseCodec.decode(W3CHttpResponseCodec.java:133)
	at org.openqa.selenium.remote.codec.w3c.W3CHttpResponseCodec.decode(W3CHttpResponseCodec.java:52)
	at org.openqa.selenium.remote.HttpCommandExecutor.execute(HttpCommandExecutor.java:191)
	at org.openqa.selenium.remote.service.DriverCommandExecutor.invokeExecute(DriverCommandExecutor.java:200)
	at org.openqa.selenium.remote.service.DriverCommandExecutor.execute(DriverCommandExecutor.java:175)
	at org.openqa.selenium.remote.RemoteWebDriver.execute(RemoteWebDriver.java:523)
	at org.openqa.selenium.remote.ElementLocation$ElementFinder$2.findElement(ElementLocation.java:165)
	at org.openqa.selenium.remote.ElementLocation.findElement(ElementLocation.java:59)
	at org.openqa.selenium.remote.RemoteWebDriver.findElement(RemoteWebDriver.java:360)
	at org.openqa.selenium.remote.RemoteWebDriver.findElement(RemoteWebDriver.java:354)
	at org.openqa.selenium.support.pagefactory.DefaultElementLocator.findElement(DefaultElementLocator.java:68)
	at org.openqa.selenium.support.pagefactory.internal.LocatingElementHandler.invoke(LocatingElementHandler.java:38)
	at jdk.proxy2/jdk.proxy2.$Proxy39.click(Unknown Source)
	at PageObject.OrangeLoginPage.ClickAdminTab(OrangeLoginPage.java:48)
	at StepDefination.LoginStepD.user_is_navigate_on_the_home_page(LoginStepD.java:90)
	at ✽.user is Navigate on the Home Page(file:///C:/Users/Dinesh%20Saivolla/eclipse-workspace_Selenium/CodeStudio/src/test/resources/Feature/OrangeLoginDataDriven.feature:19)
]]></failure>
    <system-out><![CDATA[
@Overall @Smoke
Scenario Outline: Sceanrio to check login functionality with valid credential # src/test/resources/Feature/OrangeLoginDataDriven.feature:25
[INFO ] 2024-04-18 22:53:08.731 [main] LoginStepD - startup executed
Browser already opened from hook
[INFO ] 2024-04-18 22:53:08.813 [main] LoginStepD - Browser opened
chrome
  Given User Open the chrome browser                                          # StepDefination.LoginStepD.user_open_the_chrome_browser()
[INFO ] 2024-04-18 22:53:16.659 [main] LoginStepD - open the URL
  When Users Open the URL                                                     # StepDefination.LoginStepD.users_open_the_url()
[INFO ] 2024-04-18 22:53:19.944 [main] LoginStepD - Enter username and password
  When Users enter username as "Admins" and password as "admin123s"           # StepDefination.LoginStepD.users_enter_username_as_and_password_as(java.lang.String,java.lang.String)
[INFO ] 2024-04-18 22:53:23.948 [main] LoginStepD - click on login button
  And Clicks on the Login_button                                              # StepDefination.LoginStepD.clicks_on_the_login_button()
  Then user is Navigate on the Home Page                                      # StepDefination.LoginStepD.user_is_navigate_on_the_home_page()
      org.openqa.selenium.NoSuchElementException: no such element: Unable to locate element: {"method":"xpath","selector":"//*[contains(@href,'/web/index.php/admin/viewAdminModule')]"}
  (Session info: chrome=123.0.6312.124)
For documentation on this error, please visit: https://www.selenium.dev/documentation/webdriver/troubleshooting/errors#no-such-element-exception
Build info: version: '4.16.1', revision: '9b4c83354e'
System info: os.name: 'Windows 11', os.arch: 'amd64', os.version: '10.0', java.version: '17.0.9'
Driver info: org.openqa.selenium.chrome.ChromeDriver
Command: [6fb43c0196f66e78c8f4c294c56bcb00, findElement {using=xpath, value=//*[contains(@href,'/web/index.php/admin/viewAdminModule')]}]
Capabilities {acceptInsecureCerts: false, browserName: chrome, browserVersion: 123.0.6312.124, chrome: {chromedriverVersion: 123.0.6312.122 (31f8248cdd9..., userDataDir: C:\Windows\SystemTemp\scope...}, fedcm:accounts: true, goog:chromeOptions: {debuggerAddress: localhost:59172}, networkConnectionEnabled: false, pageLoadStrategy: normal, platformName: windows, proxy: Proxy(), se:cdp: ws://localhost:59172/devtoo..., se:cdpVersion: 123.0.6312.124, setWindowRect: true, strictFileInteractability: false, timeouts: {implicit: 0, pageLoad: 300000, script: 30000}, unhandledPromptBehavior: dismiss and notify, webauthn:extension:credBlob: true, webauthn:extension:largeBlob: true, webauthn:extension:minPinLength: true, webauthn:extension:prf: true, webauthn:virtualAuthenticators: true}
Session ID: 6fb43c0196f66e78c8f4c294c56bcb00
	at java.base/jdk.internal.reflect.NativeConstructorAccessorImpl.newInstance0(Native Method)
	at java.base/jdk.internal.reflect.NativeConstructorAccessorImpl.newInstance(NativeConstructorAccessorImpl.java:77)
	at java.base/jdk.internal.reflect.DelegatingConstructorAccessorImpl.newInstance(DelegatingConstructorAccessorImpl.java:45)
	at java.base/java.lang.reflect.Constructor.newInstanceWithCaller(Constructor.java:499)
	at java.base/java.lang.reflect.Constructor.newInstance(Constructor.java:480)
	at org.openqa.selenium.remote.codec.w3c.W3CHttpResponseCodec.createException(W3CHttpResponseCodec.java:200)
	at org.openqa.selenium.remote.codec.w3c.W3CHttpResponseCodec.decode(W3CHttpResponseCodec.java:133)
	at org.openqa.selenium.remote.codec.w3c.W3CHttpResponseCodec.decode(W3CHttpResponseCodec.java:52)
	at org.openqa.selenium.remote.HttpCommandExecutor.execute(HttpCommandExecutor.java:191)
	at org.openqa.selenium.remote.service.DriverCommandExecutor.invokeExecute(DriverCommandExecutor.java:200)
	at org.openqa.selenium.remote.service.DriverCommandExecutor.execute(DriverCommandExecutor.java:175)
	at org.openqa.selenium.remote.RemoteWebDriver.execute(RemoteWebDriver.java:523)
	at org.openqa.selenium.remote.ElementLocation$ElementFinder$2.findElement(ElementLocation.java:165)
	at org.openqa.selenium.remote.ElementLocation.findElement(ElementLocation.java:59)
	at org.openqa.selenium.remote.RemoteWebDriver.findElement(RemoteWebDriver.java:360)
	at org.openqa.selenium.remote.RemoteWebDriver.findElement(RemoteWebDriver.java:354)
	at org.openqa.selenium.support.pagefactory.DefaultElementLocator.findElement(DefaultElementLocator.java:68)
	at org.openqa.selenium.support.pagefactory.internal.LocatingElementHandler.invoke(LocatingElementHandler.java:38)
	at jdk.proxy2/jdk.proxy2.$Proxy39.click(Unknown Source)
	at PageObject.OrangeLoginPage.ClickAdminTab(OrangeLoginPage.java:48)
	at StepDefination.LoginStepD.user_is_navigate_on_the_home_page(LoginStepD.java:90)
	at âœ½.user is Navigate on the Home Page(file:///C:/Users/Dinesh%20Saivolla/eclipse-workspace_Selenium/CodeStudio/src/test/resources/Feature/OrangeLoginDataDriven.feature:19)

  And Close the browser                                                       # StepDefination.LoginStepD.close_the_browser()
]]></system-out>
    <system-err><![CDATA[Apr 18, 2024 10:53:08 PM org.openqa.selenium.devtools.CdpVersionFinder findNearestMatch
WARNING: Unable to find an exact match for CDP version 123, returning the closest version; found: 120; Please update to a Selenium version that supports CDP version 123
]]></system-err>
  </testcase>
</testsuite>